<?xml version="1.0" encoding="utf-8"?><testsuites name="pytest tests"><testsuite name="pytest" errors="0" failures="0" skipped="0" tests="74" time="13.206" timestamp="2026-08-27T11:57:53.547331+00:00" hostname="agent-env-880a11ac-2faa-45ba-86b6-83294e89bbbb"><testcase classname="tests.backend_test.TestHealth" name="test_liveness" time="0.142" /><testcase classname="tests.backend_test.TestHealth" name="test_readiness" time="0.065" /><testcase classname="tests.backend_test.TestAuth" name="test_login_success_sets_cookie" time="0.362" /><testcase classname="tests.backend_test.TestAuth" name="test_login_wrong_password" time="0.295" /><testcase classname="tests.backend_test.TestAuth" name="test_me_requires_auth" time="0.123" /><testcase classname="tests.backend_test.TestAuth" name="test_me_with_bearer" time="0.485" /><testcase classname="tests.backend_test.TestAuth" name="test_brute_force_lockout" time="0.382" /><testcase classname="tests.backend_test.TestCamps" name="test_create_and_activate_camp" time="0.222" /><testcase classname="tests.backend_test.TestCamps" name="test_only_one_active_camp" time="0.292" /><testcase classname="tests.backend_test.TestCamps" name="test_create_day_today_and_print_window" time="0.077" /><testcase classname="tests.backend_test.TestCamps" name="test_camp_endpoints_require_admin" time="0.060" /><testcase classname="tests.backend_test.TestAadhaarMock" name="test_decode_card" time="0.066" /><testcase classname="tests.backend_test.TestAadhaarMock" name="test_decode_garbage" time="0.064" /><testcase classname="tests.backend_test.TestAadhaarMock" name="test_decode_patient_qr" time="0.058" /><testcase classname="tests.backend_test.TestAadhaarMock" name="test_decode_empty" time="0.065" /><testcase classname="tests.backend_test.TestRegistration" name="test_reject_dummy_phone" time="0.078" /><testcase classname="tests.backend_test.TestRegistration" name="test_reject_empty_name" time="0.071" /><testcase classname="tests.backend_test.TestRegistration" name="test_create_registration" time="0.143" /><testcase classname="tests.backend_test.TestRegistration" name="test_idempotent_registration" time="0.072" /><testcase classname="tests.backend_test.TestRegistration" name="test_name_search_prefix" time="0.072" /><testcase classname="tests.backend_test.TestRegistration" name="test_duplicate_check" time="0.073" /><testcase classname="tests.backend_test.TestRegistration" name="test_second_registration_for_clinical_flow" time="0.072" /><testcase classname="tests.backend_test.TestRegistration" name="test_self_register_requires_aadhaar" time="0.063" /><testcase classname="tests.backend_test.TestRegistration" name="test_self_register_with_aadhaar_returns_receipt" time="0.061" /><testcase classname="tests.backend_test.TestRegistration" name="test_register_requires_auth" time="0.064" /><testcase classname="tests.backend_test.TestDeskPrintWindow" name="test_print_blocked_when_window_closed" time="0.077" /><testcase classname="tests.backend_test.TestDeskPrintWindow" name="test_mark_seen_refused_when_never_printed" time="0.075" /><testcase classname="tests.backend_test.TestDeskPrintWindow" name="test_open_print_window" time="0.075" /><testcase classname="tests.backend_test.TestDeskPrintWindow" name="test_print_records_presence_once" time="0.145" /><testcase classname="tests.backend_test.TestDeskPrintWindow" name="test_lookup_by_reg_no_and_qr" time="0.141" /><testcase classname="tests.backend_test.TestDeskPrintWindow" name="test_lookup_unknown_404" time="0.072" /><testcase classname="tests.backend_test.TestDeskPrintWindow" name="test_mark_seen_and_idempotency" time="0.144" /><testcase classname="tests.backend_test.TestDeskPrintWindow" name="test_undo_seen_within_window" time="0.144" /><testcase classname="tests.backend_test.TestDeskPrintWindow" name="test_undo_seen_on_not_seen_patient" time="0.072" /><testcase classname="tests.backend_test.TestClinical" name="test_lookup_not_seen_refusal_no_phi" time="0.072" /><testcase classname="tests.backend_test.TestClinical" name="test_lookup_seen_ok" time="0.071" /><testcase classname="tests.backend_test.TestClinical" name="test_diagnosis_options" time="0.070" /><testcase classname="tests.backend_test.TestClinical" name="test_transcription_requires_seen" time="0.075" /><testcase classname="tests.backend_test.TestClinical" name="test_create_transcription" time="0.151" /><testcase classname="tests.backend_test.TestClinical" name="test_edit_transcription_before_lock" time="0.074" /><testcase classname="tests.backend_test.TestClinical" name="test_create_ot_day" time="0.076" /><testcase classname="tests.backend_test.TestClinical" name="test_medicine_fulfilment_locks_transcription" time="0.146" /><testcase classname="tests.backend_test.TestClinical" name="test_transcription_edit_blocked_after_lock" time="0.070" /><testcase classname="tests.backend_test.TestClinical" name="test_invalid_fulfilment_status" time="0.073" /><testcase classname="tests.backend_test.TestClinical" name="test_specs_deferral_requires_date_and_venue" time="0.143" /><testcase classname="tests.backend_test.TestClinical" name="test_specs_deferral_slip" time="0.077" /><testcase classname="tests.backend_test.TestClinical" name="test_ot_deferral_consumes_seat_and_prints_slip" time="0.145" /><testcase classname="tests.backend_test.TestClinical" name="test_seat_limit_below_assigned" time="0.071" /><testcase classname="tests.backend_test.TestClinical" name="test_ot_day_full_rejects_further_deferral" time="0.285" /><testcase classname="tests.backend_test.TestClinical" name="test_slip_fetch" time="0.074" /><testcase classname="tests.backend_test.TestClinical" name="test_correction_append_only" time="0.222" /><testcase classname="tests.backend_test.TestClinical" name="test_undo_seen_blocked_after_transcription" time="0.074" /><testcase classname="tests.backend_test.TestClinical" name="test_history_by_person" time="0.147" /><testcase classname="tests.backend_test.TestStaff" name="test_password_policy" time="0.080" /><testcase classname="tests.backend_test.TestStaff" name="test_create_volunteer_team_lead_clinical" time="0.978" /><testcase classname="tests.backend_test.TestStaff" name="test_invalid_role" time="0.070" /><testcase classname="tests.backend_test.TestStaff" name="test_team_lead_can_only_create_volunteers" time="0.739" /><testcase classname="tests.backend_test.TestStaff" name="test_clinical_operator_cannot_register_or_print" time="0.566" /><testcase classname="tests.backend_test.TestStaff" name="test_volunteer_cannot_access_clinical" time="0.413" /><testcase classname="tests.backend_test.TestStaff" name="test_disable_then_enable_staff" time="0.727" /><testcase classname="tests.backend_test.TestStaff" name="test_list_staff" time="0.075" /><testcase classname="tests.backend_test.TestReports" name="test_kpis" time="0.072" /><testcase classname="tests.backend_test.TestReports" name="test_leaderboard" time="0.073" /><testcase classname="tests.backend_test.TestReports" name="test_export_camp_records" time="0.114" /><testcase classname="tests.backend_test.TestReports" name="test_export_clinical_audit" time="0.082" /><testcase classname="tests.backend_test.TestReports" name="test_exports_require_admin" time="0.406" /><testcase classname="tests.backend_test.TestFixRegressions" name="test_public_active_camp_no_auth" time="0.129" /><testcase classname="tests.backend_test.TestFixRegressions" name="test_register_missing_phone_rejected" time="0.072" /><testcase classname="tests.backend_test.TestFixRegressions" name="test_register_short_phone_rejected" time="0.071" /><testcase classname="tests.backend_test.TestFixRegressions" name="test_undo_seen_keeps_printed_at" time="0.377" /><testcase classname="tests.backend_test.TestFixRegressions" name="test_ot_seat_released_on_rerecord" time="0.553" /><testcase classname="tests.backend_test.TestFixRegressions" name="test_lockout_returns_429_and_is_email_keyed" time="0.537" /><testcase classname="tests.backend_test.TestFixRegressions" name="test_locked_admin_not_affected" time="0.288" /><testcase classname="tests.backend_test" name="test_zz_state_left_usable" time="0.073" /></testsuite></testsuites>